<?xml version="1.0" encoding="UTF-8"?>
<!-- Generated by org.testng.reporters.JUnitReportReporter -->
<testsuite skipped="0" hostname="LAPTOP-UG1E405V" name="testFacebook.LoginPage" tests="4" failures="0" timestamp="12 Aug 2019 06:52:16 GMT" time="14.421" errors="0">
  <testcase name="navigateBack" time="1.921" classname="testFacebook.LoginPage"/>
  <testcase name="getTitle" time="0.008" classname="testFacebook.LoginPage"/>
  <testcase name="basemethod" time="10.916" classname="testFacebook.LoginPage"/>
  <testcase name="passLoginDetails" time="1.576" classname="testFacebook.LoginPage"/>
</testsuite> <!-- testFacebook.LoginPage -->
