<?xml version="1.0" encoding="UTF-8"?>
<!-- Generated by org.testng.reporters.JUnitReportReporter -->
<testsuite skipped="0" hostname="LAPTOP-UG1E405V" name="dataDrivenUsingTestng.TestLogin" tests="3" failures="0" timestamp="12 Aug 2019 13:48:12 GMT" time="3.385" errors="0">
  <testcase name="logIn" time="0.987" classname="dataDrivenUsingTestng.TestLogin"/>
  <testcase name="logIn" time="0.931" classname="dataDrivenUsingTestng.TestLogin"/>
  <testcase name="logIn" time="1.467" classname="dataDrivenUsingTestng.TestLogin"/>
</testsuite> <!-- dataDrivenUsingTestng.TestLogin -->
