<?xml version="1.0" encoding="UTF-8"?>
<!-- Generated by org.testng.reporters.JUnitReportReporter -->
<testsuite skipped="0" hostname="LAPTOP-UG1E405V" name="testFacebook.BaseClass" tests="1" failures="0" timestamp="09 Aug 2019 07:02:50 GMT" time="9.866" errors="0">
  <testcase name="basemethod" time="9.866" classname="testFacebook.BaseClass"/>
</testsuite> <!-- testFacebook.BaseClass -->
