<?xml version="1.0" encoding="UTF-8"?>
<!-- Generated by org.testng.reporters.JUnitReportReporter -->
<testsuite skipped="0" hostname="LAPTOP-UG1E405V" name="testFacebook.RegisterPage" tests="3" failures="0" timestamp="12 Aug 2019 06:52:16 GMT" time="10.120" errors="0">
  <testcase name="basemethod" time="8.520" classname="testFacebook.RegisterPage"/>
  <testcase name="createAccount" time="1.341" classname="testFacebook.RegisterPage"/>
  <testcase name="testInvalidMobileNumber" time="0.259" classname="testFacebook.RegisterPage"/>
</testsuite> <!-- testFacebook.RegisterPage -->
