<?xml version="1.0" encoding="UTF-8"?>
<!-- Generated by org.testng.reporters.JUnitReportReporter -->
<testsuite skipped="0" hostname="LAPTOP-UG1E405V" name="testFacebook.ForgotPswrdPage" tests="2" failures="0" timestamp="12 Aug 2019 06:52:16 GMT" time="11.083" errors="0">
  <testcase name="forgottenPassword" time="1.521" classname="testFacebook.ForgotPswrdPage"/>
  <testcase name="basemethod" time="9.562" classname="testFacebook.ForgotPswrdPage"/>
</testsuite> <!-- testFacebook.ForgotPswrdPage -->
