<?xml version="1.0" encoding="UTF-8"?>
<!-- Generated by org.testng.reporters.JUnitReportReporter -->
<testsuite skipped="0" hostname="LAPTOP-UG1E405V" name="testFacebook.RegisterPage" tests="6" failures="0" timestamp="16 Aug 2019 09:22:18 GMT" time="20.027" errors="0">
  <testcase name="passLoginDetails" time="1.757" classname="testFacebook.RegisterPage"/>
  <testcase name="basemethod" time="11.472" classname="testFacebook.RegisterPage"/>
  <testcase name="createAccount" time="2.003" classname="testFacebook.RegisterPage"/>
  <testcase name="testInvalidMobileNumber" time="2.637" classname="testFacebook.RegisterPage"/>
  <testcase name="navigateBack" time="2.145" classname="testFacebook.RegisterPage"/>
  <testcase name="getTitle" time="0.013" classname="testFacebook.RegisterPage"/>
</testsuite> <!-- testFacebook.RegisterPage -->
