<?xml version="1.0" encoding="UTF-8"?>
<!-- Generated by org.testng.reporters.JUnitReportReporter -->
<testsuite skipped="1" hostname="LAPTOP-UG1E405V" name="keywordDrivenFramework.LoginTest" tests="2" failures="0" timestamp="16 Aug 2019 09:00:56 GMT" time="18.185" errors="0">
  <testcase name="loginTest" time="18.185" classname="keywordDrivenFramework.LoginTest"/>
  <testcase name="signUpTest" classname="keywordDrivenFramework.LoginTest">
    <skipped/>
  </testcase> <!-- signUpTest -->
</testsuite> <!-- keywordDrivenFramework.LoginTest -->
