<?xml version="1.0" encoding="UTF-8"?>
<!-- Generated by org.testng.reporters.JUnitReportReporter -->
<testsuite skipped="0" hostname="LAPTOP-UG1E405V" name="sampleTests.Annotations" tests="2" failures="0" timestamp="12 Aug 2019 09:26:11 GMT" time="0.011" errors="0">
  <testcase name="secondTestMethod" time="0.007" classname="sampleTests.Annotations"/>
  <testcase name="testMethod" time="0.004" classname="sampleTests.Annotations"/>
</testsuite> <!-- sampleTests.Annotations -->
