<?xml version="1.0" encoding="UTF-8"?>
<!-- Generated by org.testng.reporters.JUnitReportReporter -->
<testsuite skipped="0" hostname="LAPTOP-UG1E405V" name="sampleTests.Annot2" tests="2" failures="0" timestamp="12 Aug 2019 09:26:11 GMT" time="0.004" errors="0">
  <testcase name="test" time="0.002" classname="sampleTests.Annot2"/>
  <testcase name="aTest" time="0.002" classname="sampleTests.Annot2"/>
</testsuite> <!-- sampleTests.Annot2 -->
