<?xml version="1.0" encoding="UTF-8"?>
<!-- Generated by org.testng.reporters.JUnitReportReporter -->
<testsuite skipped="0" hostname="LAPTOP-UG1E405V" name="sampleTests.Testgroups" tests="2" failures="0" timestamp="12 Aug 2019 09:26:11 GMT" time="0.005" errors="0">
  <testcase name="test" time="0.002" classname="sampleTests.Testgroups"/>
  <testcase name="groupTest" time="0.003" classname="sampleTests.Testgroups"/>
</testsuite> <!-- sampleTests.Testgroups -->
