<?xml version="1.0" encoding="UTF-8"?>
<!-- Generated by org.testng.reporters.JUnitReportReporter -->
<testsuite skipped="0" hostname="LAPTOP-UG1E405V" name="sampleTests.FirstTestng" tests="4" failures="0" timestamp="12 Aug 2019 09:26:11 GMT" time="0.019" errors="0">
  <testcase name="helloworld" time="0.005" classname="sampleTests.FirstTestng"/>
  <testcase name="dataproviderMethod" time="0.009" classname="sampleTests.FirstTestng"/>
  <testcase name="dataproviderMethod" time="0.002" classname="sampleTests.FirstTestng"/>
  <testcase name="dataproviderMethod" time="0.003" classname="sampleTests.FirstTestng"/>
</testsuite> <!-- sampleTests.FirstTestng -->
