<?xml version="1.0" encoding="UTF-8"?>
<!-- Generated by org.testng.reporters.JUnitReportReporter -->
<testsuite skipped="0" hostname="LAPTOP-UG1E405V" name="sampleTests.DependsOnMethodsTimeOutEnable" tests="3" failures="0" timestamp="12 Aug 2019 09:26:11 GMT" time="0.008" errors="0">
  <testcase name="test2" time="0.002" classname="sampleTests.DependsOnMethodsTimeOutEnable"/>
  <testcase name="test1" time="0.002" classname="sampleTests.DependsOnMethodsTimeOutEnable"/>
  <testcase name="test" time="0.004" classname="sampleTests.DependsOnMethodsTimeOutEnable"/>
</testsuite> <!-- sampleTests.DependsOnMethodsTimeOutEnable -->
