<?xml version="1.0" encoding="UTF-8"?>
<!-- Generated by org.testng.reporters.JUnitReportReporter -->
<testsuite skipped="0" hostname="LAPTOP-UG1E405V" name="sampleTests.InvocationCount" tests="5" failures="0" timestamp="08 Aug 2019 18:24:15 GMT" time="0.045" errors="0">
  <testcase name="test1" time="0.015" classname="sampleTests.InvocationCount"/>
  <testcase name="test1" time="0.003" classname="sampleTests.InvocationCount"/>
  <testcase name="test1" time="0.010" classname="sampleTests.InvocationCount"/>
  <testcase name="test1" time="0.015" classname="sampleTests.InvocationCount"/>
  <testcase name="test1" time="0.002" classname="sampleTests.InvocationCount"/>
</testsuite> <!-- sampleTests.InvocationCount -->
