<?xml version="1.0" encoding="UTF-8"?>
<!-- Generated by org.testng.reporters.JUnitReportReporter -->
<testsuite skipped="0" hostname="LAPTOP-UG1E405V" name="dataDrivenUsingTestng.TestLogin" tests="3" failures="0" timestamp="16 Aug 2019 09:13:44 GMT" time="4.363" errors="0">
  <testcase name="logIn" time="1.324" classname="dataDrivenUsingTestng.TestLogin"/>
  <testcase name="logIn" time="1.803" classname="dataDrivenUsingTestng.TestLogin"/>
  <testcase name="logIn" time="1.236" classname="dataDrivenUsingTestng.TestLogin"/>
</testsuite> <!-- dataDrivenUsingTestng.TestLogin -->
